05 04 17:50:13  INFO  SHELL -> /bin/bash
05 04 17:50:13  INFO  COLORTERM -> truecolor
05 04 17:50:13  INFO  TERM_PROGRAM_VERSION -> 1.88.1
05 04 17:50:13  INFO  WSL_DISTRO_NAME -> Ubuntu-20.04
05 04 17:50:13  INFO  CLOUDFLARE_EMAIL -> dmitriy.zhvakin@plumo.com.cy
05 04 17:50:13  INFO  TF_VAR_cloudflare_email -> dmitriy.zhvakin@plumo.com.cy
05 04 17:50:13  INFO  VAULT_TOKEN -> s.KEPVM6GrmwGG6F8upAxPnV40
05 04 17:50:13  INFO  NAME -> Y-PC
05 04 17:50:13  INFO  PWD -> /home/dzhvakin/rebrain-py
05 04 17:50:13  INFO  LOGNAME -> dzhvakin
05 04 17:51:02  INFO  SHELL -> /bin/bash
05 04 17:51:04  INFO  COLORTERM -> truecolor
05 04 17:51:06  INFO  TERM_PROGRAM_VERSION -> 1.88.1
05 04 17:51:08  INFO  WSL_DISTRO_NAME -> Ubuntu-20.04
05 04 17:51:10  INFO  CLOUDFLARE_EMAIL -> dmitriy.zhvakin@plumo.com.cy
05 04 17:51:12  INFO  TF_VAR_cloudflare_email -> dmitriy.zhvakin@plumo.com.cy
05 04 17:51:14  INFO  VAULT_TOKEN -> s.KEPVM6GrmwGG6F8upAxPnV40
05 04 17:51:16  INFO  NAME -> Y-PC
05 04 17:51:18  INFO  PWD -> /home/dzhvakin/rebrain-py
05 04 17:51:20  INFO  LOGNAME -> dzhvakin
02 04 18:02:56  INFO  SHELL -> /bin/bash
02 04 18:02:58  INFO  COLORTERM -> truecolor
03 04 18:03:00  INFO  TERM_PROGRAM_VERSION -> 1.88.1
03 04 18:03:02  INFO  WSL_DISTRO_NAME -> Ubuntu-20.04
03 04 18:03:04  INFO  CLOUDFLARE_EMAIL -> dmitriy.zhvakin@plumo.com.cy
03 04 18:03:06  INFO  TF_VAR_cloudflare_email -> dmitriy.zhvakin@plumo.com.cy
03 04 18:03:08  INFO  VAULT_TOKEN -> s.KEPVM6GrmwGG6F8upAxPnV40
03 04 18:03:10  INFO  NAME -> Y-PC
03 04 18:03:12  INFO  PWD -> /home/dzhvakin/rebrain-py
03 04 18:03:14  INFO  LOGNAME -> dzhvakin
05m 04 18:03:41  INFO  SHELL -> /bin/bash
05m 04 18:03:43  INFO  COLORTERM -> truecolor
05m 04 18:03:45  INFO  TERM_PROGRAM_VERSION -> 1.88.1
05m 04 18:03:47  INFO  WSL_DISTRO_NAME -> Ubuntu-20.04
05m 04 18:03:49  INFO  CLOUDFLARE_EMAIL -> dmitriy.zhvakin@plumo.com.cy
05m 04 18:03:51  INFO  TF_VAR_cloudflare_email -> dmitriy.zhvakin@plumo.com.cy
05m 04 18:03:53  INFO  VAULT_TOKEN -> s.KEPVM6GrmwGG6F8upAxPnV40
05m 04 18:03:55  INFO  NAME -> Y-PC
05m 04 18:03:57  INFO  PWD -> /home/dzhvakin/rebrain-py
05m 04 18:03:59  INFO  LOGNAME -> dzhvakin
05 04 18:10:14  INFO  SHELL -> /bin/bash
05 04 18:10:16  INFO  COLORTERM -> truecolor
05 04 18:10:18  INFO  TERM_PROGRAM_VERSION -> 1.88.1
05 04 18:10:20  INFO  WSL_DISTRO_NAME -> Ubuntu-20.04
05 04 18:10:22  INFO  CLOUDFLARE_EMAIL -> dmitriy.zhvakin@plumo.com.cy
05 04 18:10:24  INFO  TF_VAR_cloudflare_email -> dmitriy.zhvakin@plumo.com.cy
05 04 18:10:26  INFO  VAULT_TOKEN -> s.KEPVM6GrmwGG6F8upAxPnV40
05 04 18:10:28  INFO  NAME -> Y-PC
05 04 18:10:30  INFO  PWD -> /home/dzhvakin/rebrain-py
05 04 18:10:32  INFO  LOGNAME -> dzhvakin
05 04 18:20:33  INFO  SHELL -> /bin/bash
05 04 18:20:35  INFO  COLORTERM -> truecolor
05 04 18:20:37  INFO  TERM_PROGRAM_VERSION -> 1.88.1
05 04 18:20:39  INFO  WSL_DISTRO_NAME -> Ubuntu-20.04
05 04 18:20:41  INFO  CLOUDFLARE_EMAIL -> dmitriy.zhvakin@plumo.com.cy
05 04 18:20:43  INFO  TF_VAR_cloudflare_email -> dmitriy.zhvakin@plumo.com.cy
05 04 18:20:45  INFO  VAULT_TOKEN -> s.KEPVM6GrmwGG6F8upAxPnV40
05 04 18:20:47  INFO  NAME -> Y-PC
05 04 18:20:49  INFO  PWD -> /home/dzhvakin/rebrain-py
05 04 18:20:51  INFO  LOGNAME -> dzhvakin
May 04 18:26:04  INFO  SHELL -> /bin/bash
May 04 18:26:06  INFO  COLORTERM -> truecolor
May 04 18:26:08  INFO  TERM_PROGRAM_VERSION -> 1.88.1
May 04 18:26:10  INFO  WSL_DISTRO_NAME -> Ubuntu-20.04
May 04 18:26:12  INFO  CLOUDFLARE_EMAIL -> dmitriy.zhvakin@plumo.com.cy
May 04 18:26:14  INFO  TF_VAR_cloudflare_email -> dmitriy.zhvakin@plumo.com.cy
May 04 18:26:16  INFO  VAULT_TOKEN -> s.KEPVM6GrmwGG6F8upAxPnV40
May 04 18:26:18  INFO  NAME -> Y-PC
May 04 18:26:20  INFO  PWD -> /home/dzhvakin/rebrain-py
May 04 18:26:22  INFO  LOGNAME -> dzhvakin
